<?xml version="1.0" encoding="UTF-8"?>
<testsuite xmlns:xsi="http://www.w3.org/2001/XMLSchema-instance" xsi:noNamespaceSchemaLocation="https://maven.apache.org/surefire/maven-surefire-plugin/xsd/surefire-test-report.xsd" name="com.JMSExample.JMSDemo.JmsDemoApplicationTests" time="8.063" tests="1" errors="0" skipped="0" failures="0">
  <properties>
    <property name="sun.desktop" value="windows"/>
    <property name="awt.toolkit" value="sun.awt.windows.WToolkit"/>
    <property name="file.encoding.pkg" value="sun.io"/>
    <property name="java.specification.version" value="1.8"/>
    <property name="sun.cpu.isalist" value="amd64"/>
    <property name="sun.jnu.encoding" value="Cp1252"/>
    <property name="java.class.path" value="D:\Profiles\sshilpi\JavaPractice\JMSDemo\target\test-classes;D:\Profiles\sshilpi\JavaPractice\JMSDemo\target\classes;D:\Profiles\sshilpi\Repo\org\springframework\boot\spring-boot-starter-activemq\2.1.0.RELEASE\spring-boot-starter-activemq-2.1.0.RELEASE.jar;D:\Profiles\sshilpi\Repo\org\springframework\boot\spring-boot-starter\2.1.0.RELEASE\spring-boot-starter-2.1.0.RELEASE.jar;D:\Profiles\sshilpi\Repo\org\springframework\boot\spring-boot-starter-logging\2.1.0.RELEASE\spring-boot-starter-logging-2.1.0.RELEASE.jar;D:\Profiles\sshilpi\Repo\ch\qos\logback\logback-classic\1.2.3\logback-classic-1.2.3.jar;D:\Profiles\sshilpi\Repo\ch\qos\logback\logback-core\1.2.3\logback-core-1.2.3.jar;D:\Profiles\sshilpi\Repo\org\apache\logging\log4j\log4j-to-slf4j\2.11.1\log4j-to-slf4j-2.11.1.jar;D:\Profiles\sshilpi\Repo\org\apache\logging\log4j\log4j-api\2.11.1\log4j-api-2.11.1.jar;D:\Profiles\sshilpi\Repo\org\slf4j\jul-to-slf4j\1.7.25\jul-to-slf4j-1.7.25.jar;D:\Profiles\sshilpi\Repo\javax\annotation\javax.annotation-api\1.3.2\javax.annotation-api-1.3.2.jar;D:\Profiles\sshilpi\Repo\org\yaml\snakeyaml\1.23\snakeyaml-1.23.jar;D:\Profiles\sshilpi\Repo\org\springframework\spring-jms\5.1.2.RELEASE\spring-jms-5.1.2.RELEASE.jar;D:\Profiles\sshilpi\Repo\org\springframework\spring-beans\5.1.2.RELEASE\spring-beans-5.1.2.RELEASE.jar;D:\Profiles\sshilpi\Repo\org\springframework\spring-messaging\5.1.2.RELEASE\spring-messaging-5.1.2.RELEASE.jar;D:\Profiles\sshilpi\Repo\org\springframework\spring-tx\5.1.2.RELEASE\spring-tx-5.1.2.RELEASE.jar;D:\Profiles\sshilpi\Repo\javax\jms\javax.jms-api\2.0.1\javax.jms-api-2.0.1.jar;D:\Profiles\sshilpi\Repo\org\springframework\boot\spring-boot-starter-jersey\2.1.0.RELEASE\spring-boot-starter-jersey-2.1.0.RELEASE.jar;D:\Profiles\sshilpi\Repo\org\springframework\boot\spring-boot-starter-json\2.1.0.RELEASE\spring-boot-starter-json-2.1.0.RELEASE.jar;D:\Profiles\sshilpi\Repo\com\fasterxml\jackson\datatype\jackson-datatype-jdk8\2.9.7\jackson-datatype-jdk8-2.9.7.jar;D:\Profiles\sshilpi\Repo\com\fasterxml\jackson\datatype\jackson-datatype-jsr310\2.9.7\jackson-datatype-jsr310-2.9.7.jar;D:\Profiles\sshilpi\Repo\com\fasterxml\jackson\module\jackson-module-parameter-names\2.9.7\jackson-module-parameter-names-2.9.7.jar;D:\Profiles\sshilpi\Repo\org\springframework\boot\spring-boot-starter-tomcat\2.1.0.RELEASE\spring-boot-starter-tomcat-2.1.0.RELEASE.jar;D:\Profiles\sshilpi\Repo\org\apache\tomcat\embed\tomcat-embed-core\9.0.12\tomcat-embed-core-9.0.12.jar;D:\Profiles\sshilpi\Repo\org\apache\tomcat\embed\tomcat-embed-el\9.0.12\tomcat-embed-el-9.0.12.jar;D:\Profiles\sshilpi\Repo\org\apache\tomcat\embed\tomcat-embed-websocket\9.0.12\tomcat-embed-websocket-9.0.12.jar;D:\Profiles\sshilpi\Repo\org\springframework\boot\spring-boot-starter-validation\2.1.0.RELEASE\spring-boot-starter-validation-2.1.0.RELEASE.jar;D:\Profiles\sshilpi\Repo\org\springframework\spring-web\5.1.2.RELEASE\spring-web-5.1.2.RELEASE.jar;D:\Profiles\sshilpi\Repo\org\glassfish\jersey\core\jersey-server\2.27\jersey-server-2.27.jar;D:\Profiles\sshilpi\Repo\org\glassfish\jersey\core\jersey-common\2.27\jersey-common-2.27.jar;D:\Profiles\sshilpi\Repo\org\glassfish\hk2\osgi-resource-locator\1.0.1\osgi-resource-locator-1.0.1.jar;D:\Profiles\sshilpi\Repo\org\glassfish\jersey\core\jersey-client\2.27\jersey-client-2.27.jar;D:\Profiles\sshilpi\Repo\javax\ws\rs\javax.ws.rs-api\2.1\javax.ws.rs-api-2.1.jar;D:\Profiles\sshilpi\Repo\org\glassfish\jersey\media\jersey-media-jaxb\2.27\jersey-media-jaxb-2.27.jar;D:\Profiles\sshilpi\Repo\javax\validation\validation-api\2.0.1.Final\validation-api-2.0.1.Final.jar;D:\Profiles\sshilpi\Repo\org\glassfish\jersey\containers\jersey-container-servlet-core\2.27\jersey-container-servlet-core-2.27.jar;D:\Profiles\sshilpi\Repo\org\glassfish\jersey\containers\jersey-container-servlet\2.27\jersey-container-servlet-2.27.jar;D:\Profiles\sshilpi\Repo\org\glassfish\jersey\ext\jersey-bean-validation\2.27\jersey-bean-validation-2.27.jar;D:\Profiles\sshilpi\Repo\org\glassfish\jersey\ext\jersey-spring4\2.27\jersey-spring4-2.27.jar;D:\Profiles\sshilpi\Repo\org\glassfish\jersey\inject\jersey-hk2\2.27\jersey-hk2-2.27.jar;D:\Profiles\sshilpi\Repo\org\glassfish\hk2\hk2-locator\2.5.0-b42\hk2-locator-2.5.0-b42.jar;D:\Profiles\sshilpi\Repo\org\glassfish\hk2\external\aopalliance-repackaged\2.5.0-b42\aopalliance-repackaged-2.5.0-b42.jar;D:\Profiles\sshilpi\Repo\org\javassist\javassist\3.22.0-CR2\javassist-3.22.0-CR2.jar;D:\Profiles\sshilpi\Repo\org\glassfish\hk2\hk2\2.5.0-b42\hk2-2.5.0-b42.jar;D:\Profiles\sshilpi\Repo\org\glassfish\hk2\hk2-utils\2.5.0-b42\hk2-utils-2.5.0-b42.jar;D:\Profiles\sshilpi\Repo\javax\inject\javax.inject\1\javax.inject-1.jar;D:\Profiles\sshilpi\Repo\org\glassfish\hk2\hk2-api\2.5.0-b42\hk2-api-2.5.0-b42.jar;D:\Profiles\sshilpi\Repo\org\glassfish\hk2\config-types\2.5.0-b42\config-types-2.5.0-b42.jar;D:\Profiles\sshilpi\Repo\org\glassfish\hk2\hk2-core\2.5.0-b42\hk2-core-2.5.0-b42.jar;D:\Profiles\sshilpi\Repo\org\glassfish\hk2\hk2-config\2.5.0-b42\hk2-config-2.5.0-b42.jar;D:\Profiles\sshilpi\Repo\org\glassfish\hk2\hk2-runlevel\2.5.0-b42\hk2-runlevel-2.5.0-b42.jar;D:\Profiles\sshilpi\Repo\org\glassfish\hk2\class-model\2.5.0-b42\class-model-2.5.0-b42.jar;D:\Profiles\sshilpi\Repo\org\glassfish\hk2\external\asm-all-repackaged\2.5.0-b42\asm-all-repackaged-2.5.0-b42.jar;D:\Profiles\sshilpi\Repo\org\glassfish\hk2\spring-bridge\2.5.0-b42\spring-bridge-2.5.0-b42.jar;D:\Profiles\sshilpi\Repo\org\springframework\spring-aop\5.1.2.RELEASE\spring-aop-5.1.2.RELEASE.jar;D:\Profiles\sshilpi\Repo\org\glassfish\jersey\media\jersey-media-json-jackson\2.27\jersey-media-json-jackson-2.27.jar;D:\Profiles\sshilpi\Repo\org\glassfish\jersey\ext\jersey-entity-filtering\2.27\jersey-entity-filtering-2.27.jar;D:\Profiles\sshilpi\Repo\com\fasterxml\jackson\module\jackson-module-jaxb-annotations\2.9.7\jackson-module-jaxb-annotations-2.9.7.jar;D:\Profiles\sshilpi\Repo\org\springframework\boot\spring-boot-starter-web\2.1.0.RELEASE\spring-boot-starter-web-2.1.0.RELEASE.jar;D:\Profiles\sshilpi\Repo\org\hibernate\validator\hibernate-validator\6.0.13.Final\hibernate-validator-6.0.13.Final.jar;D:\Profiles\sshilpi\Repo\org\jboss\logging\jboss-logging\3.3.2.Final\jboss-logging-3.3.2.Final.jar;D:\Profiles\sshilpi\Repo\com\fasterxml\classmate\1.4.0\classmate-1.4.0.jar;D:\Profiles\sshilpi\Repo\org\springframework\spring-webmvc\5.1.2.RELEASE\spring-webmvc-5.1.2.RELEASE.jar;D:\Profiles\sshilpi\Repo\org\springframework\spring-context\5.1.2.RELEASE\spring-context-5.1.2.RELEASE.jar;D:\Profiles\sshilpi\Repo\org\springframework\spring-expression\5.1.2.RELEASE\spring-expression-5.1.2.RELEASE.jar;D:\Profiles\sshilpi\Repo\org\apache\activemq\activemq-broker\5.15.7\activemq-broker-5.15.7.jar;D:\Profiles\sshilpi\Repo\org\apache\activemq\activemq-client\5.15.7\activemq-client-5.15.7.jar;D:\Profiles\sshilpi\Repo\org\slf4j\slf4j-api\1.7.25\slf4j-api-1.7.25.jar;D:\Profiles\sshilpi\Repo\org\apache\geronimo\specs\geronimo-jms_1.1_spec\1.1.1\geronimo-jms_1.1_spec-1.1.1.jar;D:\Profiles\sshilpi\Repo\org\fusesource\hawtbuf\hawtbuf\1.11\hawtbuf-1.11.jar;D:\Profiles\sshilpi\Repo\org\apache\geronimo\specs\geronimo-j2ee-management_1.1_spec\1.0.1\geronimo-j2ee-management_1.1_spec-1.0.1.jar;D:\Profiles\sshilpi\Repo\org\apache\activemq\activemq-openwire-legacy\5.15.7\activemq-openwire-legacy-5.15.7.jar;D:\Profiles\sshilpi\Repo\com\google\guava\guava\18.0\guava-18.0.jar;D:\Profiles\sshilpi\Repo\com\fasterxml\jackson\core\jackson-databind\2.9.7\jackson-databind-2.9.7.jar;D:\Profiles\sshilpi\Repo\com\fasterxml\jackson\core\jackson-annotations\2.9.0\jackson-annotations-2.9.0.jar;D:\Profiles\sshilpi\Repo\com\fasterxml\jackson\core\jackson-core\2.9.7\jackson-core-2.9.7.jar;D:\Profiles\sshilpi\Repo\org\springframework\boot\spring-boot-devtools\2.1.0.RELEASE\spring-boot-devtools-2.1.0.RELEASE.jar;D:\Profiles\sshilpi\Repo\org\springframework\boot\spring-boot\2.1.0.RELEASE\spring-boot-2.1.0.RELEASE.jar;D:\Profiles\sshilpi\Repo\org\springframework\boot\spring-boot-autoconfigure\2.1.0.RELEASE\spring-boot-autoconfigure-2.1.0.RELEASE.jar;D:\Profiles\sshilpi\Repo\org\springframework\boot\spring-boot-starter-test\2.1.0.RELEASE\spring-boot-starter-test-2.1.0.RELEASE.jar;D:\Profiles\sshilpi\Repo\org\springframework\boot\spring-boot-test\2.1.0.RELEASE\spring-boot-test-2.1.0.RELEASE.jar;D:\Profiles\sshilpi\Repo\org\springframework\boot\spring-boot-test-autoconfigure\2.1.0.RELEASE\spring-boot-test-autoconfigure-2.1.0.RELEASE.jar;D:\Profiles\sshilpi\Repo\com\jayway\jsonpath\json-path\2.4.0\json-path-2.4.0.jar;D:\Profiles\sshilpi\Repo\net\minidev\json-smart\2.3\json-smart-2.3.jar;D:\Profiles\sshilpi\Repo\net\minidev\accessors-smart\1.2\accessors-smart-1.2.jar;D:\Profiles\sshilpi\Repo\org\ow2\asm\asm\5.0.4\asm-5.0.4.jar;D:\Profiles\sshilpi\Repo\junit\junit\4.12\junit-4.12.jar;D:\Profiles\sshilpi\Repo\org\assertj\assertj-core\3.11.1\assertj-core-3.11.1.jar;D:\Profiles\sshilpi\Repo\org\mockito\mockito-core\2.23.0\mockito-core-2.23.0.jar;D:\Profiles\sshilpi\Repo\net\bytebuddy\byte-buddy\1.9.3\byte-buddy-1.9.3.jar;D:\Profiles\sshilpi\Repo\net\bytebuddy\byte-buddy-agent\1.9.3\byte-buddy-agent-1.9.3.jar;D:\Profiles\sshilpi\Repo\org\objenesis\objenesis\2.6\objenesis-2.6.jar;D:\Profiles\sshilpi\Repo\org\hamcrest\hamcrest-core\1.3\hamcrest-core-1.3.jar;D:\Profiles\sshilpi\Repo\org\hamcrest\hamcrest-library\1.3\hamcrest-library-1.3.jar;D:\Profiles\sshilpi\Repo\org\skyscreamer\jsonassert\1.5.0\jsonassert-1.5.0.jar;D:\Profiles\sshilpi\Repo\com\vaadin\external\google\android-json\0.0.20131108.vaadin1\android-json-0.0.20131108.vaadin1.jar;D:\Profiles\sshilpi\Repo\org\springframework\spring-core\5.1.2.RELEASE\spring-core-5.1.2.RELEASE.jar;D:\Profiles\sshilpi\Repo\org\springframework\spring-jcl\5.1.2.RELEASE\spring-jcl-5.1.2.RELEASE.jar;D:\Profiles\sshilpi\Repo\org\springframework\spring-test\5.1.2.RELEASE\spring-test-5.1.2.RELEASE.jar;D:\Profiles\sshilpi\Repo\org\xmlunit\xmlunit-core\2.6.2\xmlunit-core-2.6.2.jar;"/>
    <property name="java.vm.vendor" value="Oracle Corporation"/>
    <property name="sun.arch.data.model" value="64"/>
    <property name="user.variant" value=""/>
    <property name="java.vendor.url" value="http://java.oracle.com/"/>
    <property name="user.timezone" value="Asia/Calcutta"/>
    <property name="java.vm.specification.version" value="1.8"/>
    <property name="os.name" value="Windows 10"/>
    <property name="user.country" value="US"/>
    <property name="sun.java.launcher" value="SUN_STANDARD"/>
    <property name="sun.boot.library.path" value="C:\Program Files\Java\jdk1.8.0_152\jre\bin"/>
    <property name="sun.java.command" value="d:\Profiles\sshilpi\AppData\Local\Temp\surefire3090067765662471314\surefirebooter8995262916398611601.jar D:\Profiles\sshilpi\AppData\Local\Temp\surefire3090067765662471314 2018-11-16T15-50-05_510-jvmRun1 surefire8267488659974594254tmp surefire_08816069189397462801tmp"/>
    <property name="surefire.test.class.path" value="D:\Profiles\sshilpi\JavaPractice\JMSDemo\target\test-classes;D:\Profiles\sshilpi\JavaPractice\JMSDemo\target\classes;D:\Profiles\sshilpi\Repo\org\springframework\boot\spring-boot-starter-activemq\2.1.0.RELEASE\spring-boot-starter-activemq-2.1.0.RELEASE.jar;D:\Profiles\sshilpi\Repo\org\springframework\boot\spring-boot-starter\2.1.0.RELEASE\spring-boot-starter-2.1.0.RELEASE.jar;D:\Profiles\sshilpi\Repo\org\springframework\boot\spring-boot-starter-logging\2.1.0.RELEASE\spring-boot-starter-logging-2.1.0.RELEASE.jar;D:\Profiles\sshilpi\Repo\ch\qos\logback\logback-classic\1.2.3\logback-classic-1.2.3.jar;D:\Profiles\sshilpi\Repo\ch\qos\logback\logback-core\1.2.3\logback-core-1.2.3.jar;D:\Profiles\sshilpi\Repo\org\apache\logging\log4j\log4j-to-slf4j\2.11.1\log4j-to-slf4j-2.11.1.jar;D:\Profiles\sshilpi\Repo\org\apache\logging\log4j\log4j-api\2.11.1\log4j-api-2.11.1.jar;D:\Profiles\sshilpi\Repo\org\slf4j\jul-to-slf4j\1.7.25\jul-to-slf4j-1.7.25.jar;D:\Profiles\sshilpi\Repo\javax\annotation\javax.annotation-api\1.3.2\javax.annotation-api-1.3.2.jar;D:\Profiles\sshilpi\Repo\org\yaml\snakeyaml\1.23\snakeyaml-1.23.jar;D:\Profiles\sshilpi\Repo\org\springframework\spring-jms\5.1.2.RELEASE\spring-jms-5.1.2.RELEASE.jar;D:\Profiles\sshilpi\Repo\org\springframework\spring-beans\5.1.2.RELEASE\spring-beans-5.1.2.RELEASE.jar;D:\Profiles\sshilpi\Repo\org\springframework\spring-messaging\5.1.2.RELEASE\spring-messaging-5.1.2.RELEASE.jar;D:\Profiles\sshilpi\Repo\org\springframework\spring-tx\5.1.2.RELEASE\spring-tx-5.1.2.RELEASE.jar;D:\Profiles\sshilpi\Repo\javax\jms\javax.jms-api\2.0.1\javax.jms-api-2.0.1.jar;D:\Profiles\sshilpi\Repo\org\springframework\boot\spring-boot-starter-jersey\2.1.0.RELEASE\spring-boot-starter-jersey-2.1.0.RELEASE.jar;D:\Profiles\sshilpi\Repo\org\springframework\boot\spring-boot-starter-json\2.1.0.RELEASE\spring-boot-starter-json-2.1.0.RELEASE.jar;D:\Profiles\sshilpi\Repo\com\fasterxml\jackson\datatype\jackson-datatype-jdk8\2.9.7\jackson-datatype-jdk8-2.9.7.jar;D:\Profiles\sshilpi\Repo\com\fasterxml\jackson\datatype\jackson-datatype-jsr310\2.9.7\jackson-datatype-jsr310-2.9.7.jar;D:\Profiles\sshilpi\Repo\com\fasterxml\jackson\module\jackson-module-parameter-names\2.9.7\jackson-module-parameter-names-2.9.7.jar;D:\Profiles\sshilpi\Repo\org\springframework\boot\spring-boot-starter-tomcat\2.1.0.RELEASE\spring-boot-starter-tomcat-2.1.0.RELEASE.jar;D:\Profiles\sshilpi\Repo\org\apache\tomcat\embed\tomcat-embed-core\9.0.12\tomcat-embed-core-9.0.12.jar;D:\Profiles\sshilpi\Repo\org\apache\tomcat\embed\tomcat-embed-el\9.0.12\tomcat-embed-el-9.0.12.jar;D:\Profiles\sshilpi\Repo\org\apache\tomcat\embed\tomcat-embed-websocket\9.0.12\tomcat-embed-websocket-9.0.12.jar;D:\Profiles\sshilpi\Repo\org\springframework\boot\spring-boot-starter-validation\2.1.0.RELEASE\spring-boot-starter-validation-2.1.0.RELEASE.jar;D:\Profiles\sshilpi\Repo\org\springframework\spring-web\5.1.2.RELEASE\spring-web-5.1.2.RELEASE.jar;D:\Profiles\sshilpi\Repo\org\glassfish\jersey\core\jersey-server\2.27\jersey-server-2.27.jar;D:\Profiles\sshilpi\Repo\org\glassfish\jersey\core\jersey-common\2.27\jersey-common-2.27.jar;D:\Profiles\sshilpi\Repo\org\glassfish\hk2\osgi-resource-locator\1.0.1\osgi-resource-locator-1.0.1.jar;D:\Profiles\sshilpi\Repo\org\glassfish\jersey\core\jersey-client\2.27\jersey-client-2.27.jar;D:\Profiles\sshilpi\Repo\javax\ws\rs\javax.ws.rs-api\2.1\javax.ws.rs-api-2.1.jar;D:\Profiles\sshilpi\Repo\org\glassfish\jersey\media\jersey-media-jaxb\2.27\jersey-media-jaxb-2.27.jar;D:\Profiles\sshilpi\Repo\javax\validation\validation-api\2.0.1.Final\validation-api-2.0.1.Final.jar;D:\Profiles\sshilpi\Repo\org\glassfish\jersey\containers\jersey-container-servlet-core\2.27\jersey-container-servlet-core-2.27.jar;D:\Profiles\sshilpi\Repo\org\glassfish\jersey\containers\jersey-container-servlet\2.27\jersey-container-servlet-2.27.jar;D:\Profiles\sshilpi\Repo\org\glassfish\jersey\ext\jersey-bean-validation\2.27\jersey-bean-validation-2.27.jar;D:\Profiles\sshilpi\Repo\org\glassfish\jersey\ext\jersey-spring4\2.27\jersey-spring4-2.27.jar;D:\Profiles\sshilpi\Repo\org\glassfish\jersey\inject\jersey-hk2\2.27\jersey-hk2-2.27.jar;D:\Profiles\sshilpi\Repo\org\glassfish\hk2\hk2-locator\2.5.0-b42\hk2-locator-2.5.0-b42.jar;D:\Profiles\sshilpi\Repo\org\glassfish\hk2\external\aopalliance-repackaged\2.5.0-b42\aopalliance-repackaged-2.5.0-b42.jar;D:\Profiles\sshilpi\Repo\org\javassist\javassist\3.22.0-CR2\javassist-3.22.0-CR2.jar;D:\Profiles\sshilpi\Repo\org\glassfish\hk2\hk2\2.5.0-b42\hk2-2.5.0-b42.jar;D:\Profiles\sshilpi\Repo\org\glassfish\hk2\hk2-utils\2.5.0-b42\hk2-utils-2.5.0-b42.jar;D:\Profiles\sshilpi\Repo\javax\inject\javax.inject\1\javax.inject-1.jar;D:\Profiles\sshilpi\Repo\org\glassfish\hk2\hk2-api\2.5.0-b42\hk2-api-2.5.0-b42.jar;D:\Profiles\sshilpi\Repo\org\glassfish\hk2\config-types\2.5.0-b42\config-types-2.5.0-b42.jar;D:\Profiles\sshilpi\Repo\org\glassfish\hk2\hk2-core\2.5.0-b42\hk2-core-2.5.0-b42.jar;D:\Profiles\sshilpi\Repo\org\glassfish\hk2\hk2-config\2.5.0-b42\hk2-config-2.5.0-b42.jar;D:\Profiles\sshilpi\Repo\org\glassfish\hk2\hk2-runlevel\2.5.0-b42\hk2-runlevel-2.5.0-b42.jar;D:\Profiles\sshilpi\Repo\org\glassfish\hk2\class-model\2.5.0-b42\class-model-2.5.0-b42.jar;D:\Profiles\sshilpi\Repo\org\glassfish\hk2\external\asm-all-repackaged\2.5.0-b42\asm-all-repackaged-2.5.0-b42.jar;D:\Profiles\sshilpi\Repo\org\glassfish\hk2\spring-bridge\2.5.0-b42\spring-bridge-2.5.0-b42.jar;D:\Profiles\sshilpi\Repo\org\springframework\spring-aop\5.1.2.RELEASE\spring-aop-5.1.2.RELEASE.jar;D:\Profiles\sshilpi\Repo\org\glassfish\jersey\media\jersey-media-json-jackson\2.27\jersey-media-json-jackson-2.27.jar;D:\Profiles\sshilpi\Repo\org\glassfish\jersey\ext\jersey-entity-filtering\2.27\jersey-entity-filtering-2.27.jar;D:\Profiles\sshilpi\Repo\com\fasterxml\jackson\module\jackson-module-jaxb-annotations\2.9.7\jackson-module-jaxb-annotations-2.9.7.jar;D:\Profiles\sshilpi\Repo\org\springframework\boot\spring-boot-starter-web\2.1.0.RELEASE\spring-boot-starter-web-2.1.0.RELEASE.jar;D:\Profiles\sshilpi\Repo\org\hibernate\validator\hibernate-validator\6.0.13.Final\hibernate-validator-6.0.13.Final.jar;D:\Profiles\sshilpi\Repo\org\jboss\logging\jboss-logging\3.3.2.Final\jboss-logging-3.3.2.Final.jar;D:\Profiles\sshilpi\Repo\com\fasterxml\classmate\1.4.0\classmate-1.4.0.jar;D:\Profiles\sshilpi\Repo\org\springframework\spring-webmvc\5.1.2.RELEASE\spring-webmvc-5.1.2.RELEASE.jar;D:\Profiles\sshilpi\Repo\org\springframework\spring-context\5.1.2.RELEASE\spring-context-5.1.2.RELEASE.jar;D:\Profiles\sshilpi\Repo\org\springframework\spring-expression\5.1.2.RELEASE\spring-expression-5.1.2.RELEASE.jar;D:\Profiles\sshilpi\Repo\org\apache\activemq\activemq-broker\5.15.7\activemq-broker-5.15.7.jar;D:\Profiles\sshilpi\Repo\org\apache\activemq\activemq-client\5.15.7\activemq-client-5.15.7.jar;D:\Profiles\sshilpi\Repo\org\slf4j\slf4j-api\1.7.25\slf4j-api-1.7.25.jar;D:\Profiles\sshilpi\Repo\org\apache\geronimo\specs\geronimo-jms_1.1_spec\1.1.1\geronimo-jms_1.1_spec-1.1.1.jar;D:\Profiles\sshilpi\Repo\org\fusesource\hawtbuf\hawtbuf\1.11\hawtbuf-1.11.jar;D:\Profiles\sshilpi\Repo\org\apache\geronimo\specs\geronimo-j2ee-management_1.1_spec\1.0.1\geronimo-j2ee-management_1.1_spec-1.0.1.jar;D:\Profiles\sshilpi\Repo\org\apache\activemq\activemq-openwire-legacy\5.15.7\activemq-openwire-legacy-5.15.7.jar;D:\Profiles\sshilpi\Repo\com\google\guava\guava\18.0\guava-18.0.jar;D:\Profiles\sshilpi\Repo\com\fasterxml\jackson\core\jackson-databind\2.9.7\jackson-databind-2.9.7.jar;D:\Profiles\sshilpi\Repo\com\fasterxml\jackson\core\jackson-annotations\2.9.0\jackson-annotations-2.9.0.jar;D:\Profiles\sshilpi\Repo\com\fasterxml\jackson\core\jackson-core\2.9.7\jackson-core-2.9.7.jar;D:\Profiles\sshilpi\Repo\org\springframework\boot\spring-boot-devtools\2.1.0.RELEASE\spring-boot-devtools-2.1.0.RELEASE.jar;D:\Profiles\sshilpi\Repo\org\springframework\boot\spring-boot\2.1.0.RELEASE\spring-boot-2.1.0.RELEASE.jar;D:\Profiles\sshilpi\Repo\org\springframework\boot\spring-boot-autoconfigure\2.1.0.RELEASE\spring-boot-autoconfigure-2.1.0.RELEASE.jar;D:\Profiles\sshilpi\Repo\org\springframework\boot\spring-boot-starter-test\2.1.0.RELEASE\spring-boot-starter-test-2.1.0.RELEASE.jar;D:\Profiles\sshilpi\Repo\org\springframework\boot\spring-boot-test\2.1.0.RELEASE\spring-boot-test-2.1.0.RELEASE.jar;D:\Profiles\sshilpi\Repo\org\springframework\boot\spring-boot-test-autoconfigure\2.1.0.RELEASE\spring-boot-test-autoconfigure-2.1.0.RELEASE.jar;D:\Profiles\sshilpi\Repo\com\jayway\jsonpath\json-path\2.4.0\json-path-2.4.0.jar;D:\Profiles\sshilpi\Repo\net\minidev\json-smart\2.3\json-smart-2.3.jar;D:\Profiles\sshilpi\Repo\net\minidev\accessors-smart\1.2\accessors-smart-1.2.jar;D:\Profiles\sshilpi\Repo\org\ow2\asm\asm\5.0.4\asm-5.0.4.jar;D:\Profiles\sshilpi\Repo\junit\junit\4.12\junit-4.12.jar;D:\Profiles\sshilpi\Repo\org\assertj\assertj-core\3.11.1\assertj-core-3.11.1.jar;D:\Profiles\sshilpi\Repo\org\mockito\mockito-core\2.23.0\mockito-core-2.23.0.jar;D:\Profiles\sshilpi\Repo\net\bytebuddy\byte-buddy\1.9.3\byte-buddy-1.9.3.jar;D:\Profiles\sshilpi\Repo\net\bytebuddy\byte-buddy-agent\1.9.3\byte-buddy-agent-1.9.3.jar;D:\Profiles\sshilpi\Repo\org\objenesis\objenesis\2.6\objenesis-2.6.jar;D:\Profiles\sshilpi\Repo\org\hamcrest\hamcrest-core\1.3\hamcrest-core-1.3.jar;D:\Profiles\sshilpi\Repo\org\hamcrest\hamcrest-library\1.3\hamcrest-library-1.3.jar;D:\Profiles\sshilpi\Repo\org\skyscreamer\jsonassert\1.5.0\jsonassert-1.5.0.jar;D:\Profiles\sshilpi\Repo\com\vaadin\external\google\android-json\0.0.20131108.vaadin1\android-json-0.0.20131108.vaadin1.jar;D:\Profiles\sshilpi\Repo\org\springframework\spring-core\5.1.2.RELEASE\spring-core-5.1.2.RELEASE.jar;D:\Profiles\sshilpi\Repo\org\springframework\spring-jcl\5.1.2.RELEASE\spring-jcl-5.1.2.RELEASE.jar;D:\Profiles\sshilpi\Repo\org\springframework\spring-test\5.1.2.RELEASE\spring-test-5.1.2.RELEASE.jar;D:\Profiles\sshilpi\Repo\org\xmlunit\xmlunit-core\2.6.2\xmlunit-core-2.6.2.jar;"/>
    <property name="sun.cpu.endian" value="little"/>
    <property name="user.home" value="d:\Profiles\sshilpi"/>
    <property name="user.language" value="en"/>
    <property name="java.specification.vendor" value="Oracle Corporation"/>
    <property name="java.home" value="C:\Program Files\Java\jdk1.8.0_152\jre"/>
    <property name="basedir" value="D:\Profiles\sshilpi\JavaPractice\JMSDemo"/>
    <property name="file.separator" value="\"/>
    <property name="line.separator" value="&#10;"/>
    <property name="java.vm.specification.vendor" value="Oracle Corporation"/>
    <property name="java.specification.name" value="Java Platform API Specification"/>
    <property name="java.awt.graphicsenv" value="sun.awt.Win32GraphicsEnvironment"/>
    <property name="surefire.real.class.path" value="d:\Profiles\sshilpi\AppData\Local\Temp\surefire3090067765662471314\surefirebooter8995262916398611601.jar"/>
    <property name="sun.boot.class.path" value="C:\Program Files\Java\jdk1.8.0_152\jre\lib\resources.jar;C:\Program Files\Java\jdk1.8.0_152\jre\lib\rt.jar;C:\Program Files\Java\jdk1.8.0_152\jre\lib\sunrsasign.jar;C:\Program Files\Java\jdk1.8.0_152\jre\lib\jsse.jar;C:\Program Files\Java\jdk1.8.0_152\jre\lib\jce.jar;C:\Program Files\Java\jdk1.8.0_152\jre\lib\charsets.jar;C:\Program Files\Java\jdk1.8.0_152\jre\lib\jfr.jar;C:\Program Files\Java\jdk1.8.0_152\jre\classes"/>
    <property name="user.script" value=""/>
    <property name="sun.management.compiler" value="HotSpot 64-Bit Tiered Compilers"/>
    <property name="java.runtime.version" value="1.8.0_152-b16"/>
    <property name="user.name" value="sshilpi"/>
    <property name="path.separator" value=";"/>
    <property name="os.version" value="10.0"/>
    <property name="java.endorsed.dirs" value="C:\Program Files\Java\jdk1.8.0_152\jre\lib\endorsed"/>
    <property name="java.runtime.name" value="Java(TM) SE Runtime Environment"/>
    <property name="file.encoding" value="Cp1252"/>
    <property name="java.vm.name" value="Java HotSpot(TM) 64-Bit Server VM"/>
    <property name="localRepository" value="D:\Profiles\sshilpi\Repo"/>
    <property name="java.vendor.url.bug" value="http://bugreport.sun.com/bugreport/"/>
    <property name="java.io.tmpdir" value="d:\Profiles\sshilpi\AppData\Local\Temp\"/>
    <property name="java.version" value="1.8.0_152"/>
    <property name="user.dir" value="D:\Profiles\sshilpi\JavaPractice\JMSDemo"/>
    <property name="os.arch" value="amd64"/>
    <property name="java.vm.specification.name" value="Java Virtual Machine Specification"/>
    <property name="java.awt.printerjob" value="sun.awt.windows.WPrinterJob"/>
    <property name="sun.os.patch.level" value=""/>
    <property name="java.library.path" value="C:\Program Files\Java\jdk1.8.0_152\jre\bin;C:\WINDOWS\Sun\Java\bin;C:\WINDOWS\system32;C:\WINDOWS;C:\WINDOWS\system32;C:\WINDOWS;C:\WINDOWS\System32\Wbem;C:\WINDOWS\System32\WindowsPowerShell\v1.0\;C:\Program Files\TortoiseGit\bin;C:\Program Files\apache-maven-3.0.4\bin;C:\Program Files\Git\cmd;C:\Program Files\apache-ant-1.8.4\bin;C:\Program Files\PuTTY\;D:\Oracle\Middleware\wlserver_10.3;D:\gradle-2.12\bin;C:\wildfly-10.0.0.Final\bin;D:\Profiles\sshilpi\.jpm\windows\bin;C:\Program Files (x86)\MySQL\MySQL Utilities 1.6\;C:\Program Files\Java\jdk1.8.0_152\bin;C:\Program Files\Java\jdk1.8.0_152\jre;C:\elasticsearch-2.4.0\bin;C:\Program Files\nodejs\;d:\Profiles\sshilpi\AppData\Local\Microsoft\WindowsApps;;C:\Program Files\Fiddler;C:\Microsoft VS Code\bin;d:\Profiles\sshilpi\AppData\Roaming\npm;."/>
    <property name="java.vm.info" value="mixed mode"/>
    <property name="java.vendor" value="Oracle Corporation"/>
    <property name="java.vm.version" value="25.152-b16"/>
    <property name="java.ext.dirs" value="C:\Program Files\Java\jdk1.8.0_152\jre\lib\ext;C:\WINDOWS\Sun\Java\lib\ext"/>
    <property name="sun.io.unicode.encoding" value="UnicodeLittle"/>
    <property name="java.class.version" value="52.0"/>
  </properties>
  <testcase name="contextLoads" classname="com.JMSExample.JMSDemo.JmsDemoApplicationTests" time="0.455"/>
</testsuite>